This file contains any messages produced by compilers while
running configure, to aid debugging if configure makes a mistake.

It was created by configure, which was
generated by GNU Autoconf 2.71.  Invocation command line was

  $ ./configure --build=x86_64-linux-gnu --prefix=/usr '--includedir=${prefix}/include' '--mandir=${prefix}/share/man' '--infodir=${prefix}/share/info' --sysconfdir=/etc --localstatedir=/var --disable-option-checking --disable-silent-rules '--libdir=${prefix}/lib/x86_64-linux-gnu' --runstatedir=/run --disable-maintainer-mode --disable-dependency-tracking

## --------- ##
## Platform. ##
## --------- ##

hostname = 4d0578918483
uname -m = x86_64
uname -r = 6.9.3-arch1-1
uname -s = Linux
uname -v = #1 SMP PREEMPT_DYNAMIC Fri, 31 May 2024 15:14:45 +0000

/usr/bin/uname -p = x86_64
/bin/uname -X     = unknown

/bin/arch              = x86_64
/usr/bin/arch -k       = unknown
/usr/convex/getsysinfo = unknown
/usr/bin/hostinfo      = unknown
/bin/machine           = unknown
/usr/bin/oslevel       = unknown
/bin/universe          = unknown

PATH: /usr/local/sbin/
PATH: /usr/local/bin/
PATH: /usr/sbin/
PATH: /usr/bin/
PATH: /sbin/
PATH: /bin/
PATH: /usr/games/
PATH: /usr/local/games/
PATH: /snap/bin/


## ----------- ##
## Core tests. ##
## ----------- ##

configure:2291: looking for aux files: config.rpath config.guess config.sub compile missing install-sh
configure:2304:  trying ./
configure:2333:   ./config.rpath found
configure:2333:   ./config.guess found
configure:2333:   ./config.sub found
configure:2333:   ./compile found
configure:2333:   ./missing found
configure:2315:   ./install-sh found
configure:2463: checking for a BSD-compatible install
configure:2536: result: /usr/bin/install -c
configure:2547: checking whether build environment is sane
configure:2602: result: yes
configure:2761: checking for a race-free mkdir -p
configure:2805: result: /usr/bin/mkdir -p
configure:2812: checking for gawk
configure:2847: result: no
configure:2812: checking for mawk
configure:2833: found /usr/bin/mawk
configure:2844: result: mawk
configure:2855: checking whether make sets $(MAKE)
configure:2878: result: yes
configure:2908: checking whether make supports nested variables
configure:2926: result: yes
configure:3066: checking whether build environment is sane
configure:3121: result: yes
configure:3134: checking whether to enable maintainer-specific portions of Makefiles
configure:3144: result: no
configure:3171: checking whether make supports the include directive
configure:3186: make -f confmf.GNU && cat confinc.out
make[1]: Entering directory '/srv/xdg-user-dirs-0.18'
make[1]: Leaving directory '/srv/xdg-user-dirs-0.18'
this is the am__doit target
configure:3189: $? = 0
configure:3208: result: yes (GNU style)
configure:3284: checking for gcc
configure:3305: found /usr/bin/gcc
configure:3316: result: gcc
configure:3669: checking for C compiler version
configure:3678: gcc --version >&5
gcc (Ubuntu 13.2.0-23ubuntu4) 13.2.0
Copyright (C) 2023 Free Software Foundation, Inc.
This is free software; see the source for copying conditions.  There is NO
warranty; not even for MERCHANTABILITY or FITNESS FOR A PARTICULAR PURPOSE.

configure:3689: $? = 0
configure:3678: gcc -v >&5
Using built-in specs.
COLLECT_GCC=gcc
COLLECT_LTO_WRAPPER=/usr/libexec/gcc/x86_64-linux-gnu/13/lto-wrapper
OFFLOAD_TARGET_NAMES=nvptx-none:amdgcn-amdhsa
OFFLOAD_TARGET_DEFAULT=1
Target: x86_64-linux-gnu
Configured with: ../src/configure -v --with-pkgversion='Ubuntu 13.2.0-23ubuntu4' --with-bugurl=file:///usr/share/doc/gcc-13/README.Bugs --enable-languages=c,ada,c++,go,d,fortran,objc,obj-c++,m2 --prefix=/usr --with-gcc-major-version-only --program-suffix=-13 --program-prefix=x86_64-linux-gnu- --enable-shared --enable-linker-build-id --libexecdir=/usr/libexec --without-included-gettext --enable-threads=posix --libdir=/usr/lib --enable-nls --enable-clocale=gnu --enable-libstdcxx-debug --enable-libstdcxx-time=yes --with-default-libstdcxx-abi=new --enable-libstdcxx-backtrace --enable-gnu-unique-object --disable-vtable-verify --enable-plugin --enable-default-pie --with-system-zlib --enable-libphobos-checking=release --with-target-system-zlib=auto --enable-objc-gc=auto --enable-multiarch --disable-werror --enable-cet --with-arch-32=i686 --with-abi=m64 --with-multilib-list=m32,m64,mx32 --enable-multilib --with-tune=generic --enable-offload-targets=nvptx-none=/build/gcc-13-uJ7kn6/gcc-13-13.2.0/debian/tmp-nvptx/usr,amdgcn-amdhsa=/build/gcc-13-uJ7kn6/gcc-13-13.2.0/debian/tmp-gcn/usr --enable-offload-defaulted --without-cuda-driver --enable-checking=release --build=x86_64-linux-gnu --host=x86_64-linux-gnu --target=x86_64-linux-gnu
Thread model: posix
Supported LTO compression algorithms: zlib zstd
gcc version 13.2.0 (Ubuntu 13.2.0-23ubuntu4) 
... rest of stderr output deleted ...
configure:3689: $? = 0
configure:3678: gcc -V >&5
gcc: error: unrecognized command-line option '-V'
gcc: fatal error: no input files
compilation terminated.
configure:3689: $? = 1
configure:3678: gcc -qversion >&5
gcc: error: unrecognized command-line option '-qversion'; did you mean '--version'?
gcc: fatal error: no input files
compilation terminated.
configure:3689: $? = 1
configure:3678: gcc -version >&5
gcc: error: unrecognized command-line option '-version'
gcc: fatal error: no input files
compilation terminated.
configure:3689: $? = 1
configure:3709: checking whether the C compiler works
configure:3731: gcc -g -O2 -fno-omit-frame-pointer -mno-omit-leaf-frame-pointer -ffile-prefix-map=/srv/xdg-user-dirs-0.18=. -flto=auto -ffat-lto-objects -fstack-protector-strong -fstack-clash-protection -Wformat -Werror=format-security -fcf-protection -fdebug-prefix-map=/srv/xdg-user-dirs-0.18=/usr/src/xdg-user-dirs-0.18-1build1 -Wdate-time -D_FORTIFY_SOURCE=3 -Wl,-Bsymbolic-functions -flto=auto -ffat-lto-objects -Wl,-z,relro -Wl,-z,now -Wl,-O1 -Wl,-z,defs conftest.c  >&5
configure:3735: $? = 0
configure:3785: result: yes
configure:3788: checking for C compiler default output file name
configure:3790: result: a.out
configure:3796: checking for suffix of executables
configure:3803: gcc -o conftest -g -O2 -fno-omit-frame-pointer -mno-omit-leaf-frame-pointer -ffile-prefix-map=/srv/xdg-user-dirs-0.18=. -flto=auto -ffat-lto-objects -fstack-protector-strong -fstack-clash-protection -Wformat -Werror=format-security -fcf-protection -fdebug-prefix-map=/srv/xdg-user-dirs-0.18=/usr/src/xdg-user-dirs-0.18-1build1 -Wdate-time -D_FORTIFY_SOURCE=3 -Wl,-Bsymbolic-functions -flto=auto -ffat-lto-objects -Wl,-z,relro -Wl,-z,now -Wl,-O1 -Wl,-z,defs conftest.c  >&5
configure:3807: $? = 0
configure:3830: result: 
configure:3852: checking whether we are cross compiling
configure:3860: gcc -o conftest -g -O2 -fno-omit-frame-pointer -mno-omit-leaf-frame-pointer -ffile-prefix-map=/srv/xdg-user-dirs-0.18=. -flto=auto -ffat-lto-objects -fstack-protector-strong -fstack-clash-protection -Wformat -Werror=format-security -fcf-protection -fdebug-prefix-map=/srv/xdg-user-dirs-0.18=/usr/src/xdg-user-dirs-0.18-1build1 -Wdate-time -D_FORTIFY_SOURCE=3 -Wl,-Bsymbolic-functions -flto=auto -ffat-lto-objects -Wl,-z,relro -Wl,-z,now -Wl,-O1 -Wl,-z,defs conftest.c  >&5
configure:3864: $? = 0
configure:3871: ./conftest
configure:3875: $? = 0
configure:3890: result: no
configure:3895: checking for suffix of object files
configure:3918: gcc -c -g -O2 -fno-omit-frame-pointer -mno-omit-leaf-frame-pointer -ffile-prefix-map=/srv/xdg-user-dirs-0.18=. -flto=auto -ffat-lto-objects -fstack-protector-strong -fstack-clash-protection -Wformat -Werror=format-security -fcf-protection -fdebug-prefix-map=/srv/xdg-user-dirs-0.18=/usr/src/xdg-user-dirs-0.18-1build1 -Wdate-time -D_FORTIFY_SOURCE=3 conftest.c >&5
configure:3922: $? = 0
configure:3944: result: o
configure:3948: checking whether the compiler supports GNU C
configure:3968: gcc -c -g -O2 -fno-omit-frame-pointer -mno-omit-leaf-frame-pointer -ffile-prefix-map=/srv/xdg-user-dirs-0.18=. -flto=auto -ffat-lto-objects -fstack-protector-strong -fstack-clash-protection -Wformat -Werror=format-security -fcf-protection -fdebug-prefix-map=/srv/xdg-user-dirs-0.18=/usr/src/xdg-user-dirs-0.18-1build1 -Wdate-time -D_FORTIFY_SOURCE=3 conftest.c >&5
configure:3968: $? = 0
configure:3978: result: yes
configure:3989: checking whether gcc accepts -g
configure:4010: gcc -c -g -Wdate-time -D_FORTIFY_SOURCE=3 conftest.c >&5
configure:4010: $? = 0
configure:4054: result: yes
configure:4074: checking for gcc option to enable C11 features
configure:4089: gcc  -c -g -O2 -fno-omit-frame-pointer -mno-omit-leaf-frame-pointer -ffile-prefix-map=/srv/xdg-user-dirs-0.18=. -flto=auto -ffat-lto-objects -fstack-protector-strong -fstack-clash-protection -Wformat -Werror=format-security -fcf-protection -fdebug-prefix-map=/srv/xdg-user-dirs-0.18=/usr/src/xdg-user-dirs-0.18-1build1 -Wdate-time -D_FORTIFY_SOURCE=3 conftest.c >&5
configure:4089: $? = 0
configure:4107: result: none needed
configure:4223: checking whether gcc understands -c and -o together
configure:4246: gcc -c conftest.c -o conftest2.o
configure:4249: $? = 0
configure:4246: gcc -c conftest.c -o conftest2.o
configure:4249: $? = 0
configure:4261: result: yes
configure:4280: checking dependency style of gcc
configure:4392: result: none
configure:4408: checking for an ANSI C-conforming const
configure:4475: gcc -c -g -O2 -fno-omit-frame-pointer -mno-omit-leaf-frame-pointer -ffile-prefix-map=/srv/xdg-user-dirs-0.18=. -flto=auto -ffat-lto-objects -fstack-protector-strong -fstack-clash-protection -Wformat -Werror=format-security -fcf-protection -fdebug-prefix-map=/srv/xdg-user-dirs-0.18=/usr/src/xdg-user-dirs-0.18-1build1 -Wdate-time -D_FORTIFY_SOURCE=3 conftest.c >&5
configure:4475: $? = 0
configure:4483: result: yes
configure:4491: checking for library containing strerror
configure:4521: gcc -o conftest -g -O2 -fno-omit-frame-pointer -mno-omit-leaf-frame-pointer -ffile-prefix-map=/srv/xdg-user-dirs-0.18=. -flto=auto -ffat-lto-objects -fstack-protector-strong -fstack-clash-protection -Wformat -Werror=format-security -fcf-protection -fdebug-prefix-map=/srv/xdg-user-dirs-0.18=/usr/src/xdg-user-dirs-0.18-1build1 -Wdate-time -D_FORTIFY_SOURCE=3 -Wl,-Bsymbolic-functions -flto=auto -ffat-lto-objects -Wl,-z,relro -Wl,-z,now -Wl,-O1 -Wl,-z,defs conftest.c  >&5
configure:4521: $? = 0
configure:4541: result: none required
configure:4603: checking for gcc
configure:4635: result: gcc
configure:4988: checking for C compiler version
configure:4997: gcc --version >&5
gcc (Ubuntu 13.2.0-23ubuntu4) 13.2.0
Copyright (C) 2023 Free Software Foundation, Inc.
This is free software; see the source for copying conditions.  There is NO
warranty; not even for MERCHANTABILITY or FITNESS FOR A PARTICULAR PURPOSE.

configure:5008: $? = 0
configure:4997: gcc -v >&5
Using built-in specs.
COLLECT_GCC=gcc
COLLECT_LTO_WRAPPER=/usr/libexec/gcc/x86_64-linux-gnu/13/lto-wrapper
OFFLOAD_TARGET_NAMES=nvptx-none:amdgcn-amdhsa
OFFLOAD_TARGET_DEFAULT=1
Target: x86_64-linux-gnu
Configured with: ../src/configure -v --with-pkgversion='Ubuntu 13.2.0-23ubuntu4' --with-bugurl=file:///usr/share/doc/gcc-13/README.Bugs --enable-languages=c,ada,c++,go,d,fortran,objc,obj-c++,m2 --prefix=/usr --with-gcc-major-version-only --program-suffix=-13 --program-prefix=x86_64-linux-gnu- --enable-shared --enable-linker-build-id --libexecdir=/usr/libexec --without-included-gettext --enable-threads=posix --libdir=/usr/lib --enable-nls --enable-clocale=gnu --enable-libstdcxx-debug --enable-libstdcxx-time=yes --with-default-libstdcxx-abi=new --enable-libstdcxx-backtrace --enable-gnu-unique-object --disable-vtable-verify --enable-plugin --enable-default-pie --with-system-zlib --enable-libphobos-checking=release --with-target-system-zlib=auto --enable-objc-gc=auto --enable-multiarch --disable-werror --enable-cet --with-arch-32=i686 --with-abi=m64 --with-multilib-list=m32,m64,mx32 --enable-multilib --with-tune=generic --enable-offload-targets=nvptx-none=/build/gcc-13-uJ7kn6/gcc-13-13.2.0/debian/tmp-nvptx/usr,amdgcn-amdhsa=/build/gcc-13-uJ7kn6/gcc-13-13.2.0/debian/tmp-gcn/usr --enable-offload-defaulted --without-cuda-driver --enable-checking=release --build=x86_64-linux-gnu --host=x86_64-linux-gnu --target=x86_64-linux-gnu
Thread model: posix
Supported LTO compression algorithms: zlib zstd
gcc version 13.2.0 (Ubuntu 13.2.0-23ubuntu4) 
... rest of stderr output deleted ...
configure:5008: $? = 0
configure:4997: gcc -V >&5
gcc: error: unrecognized command-line option '-V'
gcc: fatal error: no input files
compilation terminated.
configure:5008: $? = 1
configure:4997: gcc -qversion >&5
gcc: error: unrecognized command-line option '-qversion'; did you mean '--version'?
gcc: fatal error: no input files
compilation terminated.
configure:5008: $? = 1
configure:4997: gcc -version >&5
gcc: error: unrecognized command-line option '-version'
gcc: fatal error: no input files
compilation terminated.
configure:5008: $? = 1
configure:5012: checking whether the compiler supports GNU C
configure:5042: result: yes
configure:5053: checking whether gcc accepts -g
configure:5118: result: yes
configure:5138: checking for gcc option to enable C11 features
configure:5171: result: none needed
configure:5287: checking whether gcc understands -c and -o together
configure:5325: result: yes
configure:5344: checking dependency style of gcc
configure:5456: result: none
configure:5476: checking how to run the C preprocessor
configure:5502: gcc -E -Wdate-time -D_FORTIFY_SOURCE=3 conftest.c
configure:5502: $? = 0
configure:5517: gcc -E -Wdate-time -D_FORTIFY_SOURCE=3 conftest.c
conftest.c:11:10: fatal error: ac_nonexistent.h: No such file or directory
   11 | #include <ac_nonexistent.h>
      |          ^~~~~~~~~~~~~~~~~~
compilation terminated.
configure:5517: $? = 1
configure: failed program was:
| /* confdefs.h */
| #define PACKAGE_NAME ""
| #define PACKAGE_TARNAME ""
| #define PACKAGE_VERSION ""
| #define PACKAGE_STRING ""
| #define PACKAGE_BUGREPORT ""
| #define PACKAGE_URL ""
| #define PACKAGE "xdg-user-dirs"
| #define VERSION "0.18"
| /* end confdefs.h.  */
| #include <ac_nonexistent.h>
configure:5544: result: gcc -E
configure:5558: gcc -E -Wdate-time -D_FORTIFY_SOURCE=3 conftest.c
configure:5558: $? = 0
configure:5573: gcc -E -Wdate-time -D_FORTIFY_SOURCE=3 conftest.c
conftest.c:11:10: fatal error: ac_nonexistent.h: No such file or directory
   11 | #include <ac_nonexistent.h>
      |          ^~~~~~~~~~~~~~~~~~
compilation terminated.
configure:5573: $? = 1
configure: failed program was:
| /* confdefs.h */
| #define PACKAGE_NAME ""
| #define PACKAGE_TARNAME ""
| #define PACKAGE_VERSION ""
| #define PACKAGE_STRING ""
| #define PACKAGE_BUGREPORT ""
| #define PACKAGE_URL ""
| #define PACKAGE "xdg-user-dirs"
| #define VERSION "0.18"
| /* end confdefs.h.  */
| #include <ac_nonexistent.h>
configure:5604: checking whether ln -s works
configure:5608: result: yes
configure:5615: checking whether make sets $(MAKE)
configure:5638: result: yes
configure:5660: checking build system type
configure:5675: result: x86_64-pc-linux-gnu
configure:5695: checking host system type
configure:5709: result: x86_64-pc-linux-gnu
configure:5772: checking for ld used by gcc
configure:5900: result: /usr/bin/ld
configure:5907: checking if the linker (/usr/bin/ld) is GNU ld
configure:5923: result: yes
configure:5931: checking for shared library run path origin
configure:5945: result: done
configure:5967: checking 32-bit host C ABI
configure:6034: gcc -c -g -O2 -fno-omit-frame-pointer -mno-omit-leaf-frame-pointer -ffile-prefix-map=/srv/xdg-user-dirs-0.18=. -flto=auto -ffat-lto-objects -fstack-protector-strong -fstack-clash-protection -Wformat -Werror=format-security -fcf-protection -fdebug-prefix-map=/srv/xdg-user-dirs-0.18=/usr/src/xdg-user-dirs-0.18-1build1 -Wdate-time -D_FORTIFY_SOURCE=3 conftest.c >&5
configure:6034: $? = 0
configure:6230: result: no
configure:6236: checking for grep that handles long lines and -e
configure:6300: result: /usr/bin/grep
configure:6305: checking for egrep
configure:6373: result: /usr/bin/grep -E
configure:6382: checking for ELF binary format
configure:6406: result: yes
configure:6455: checking for the common suffixes of directories in the library search path
configure:6524: result: lib,lib,lib64
configure:7049: checking for iconv
configure:7074: gcc -o conftest -g -O2 -fno-omit-frame-pointer -mno-omit-leaf-frame-pointer -ffile-prefix-map=/srv/xdg-user-dirs-0.18=. -flto=auto -ffat-lto-objects -fstack-protector-strong -fstack-clash-protection -Wformat -Werror=format-security -fcf-protection -fdebug-prefix-map=/srv/xdg-user-dirs-0.18=/usr/src/xdg-user-dirs-0.18-1build1 -Wdate-time -D_FORTIFY_SOURCE=3 -Wl,-Bsymbolic-functions -flto=auto -ffat-lto-objects -Wl,-z,relro -Wl,-z,now -Wl,-O1 -Wl,-z,defs conftest.c  >&5
configure:7074: $? = 0
configure:7110: result: yes
configure:7113: checking for working iconv
configure:7256: gcc -o conftest -g -O2 -fno-omit-frame-pointer -mno-omit-leaf-frame-pointer -ffile-prefix-map=/srv/xdg-user-dirs-0.18=. -flto=auto -ffat-lto-objects -fstack-protector-strong -fstack-clash-protection -Wformat -Werror=format-security -fcf-protection -fdebug-prefix-map=/srv/xdg-user-dirs-0.18=/usr/src/xdg-user-dirs-0.18-1build1 -Wdate-time -D_FORTIFY_SOURCE=3 -Wl,-Bsymbolic-functions -flto=auto -ffat-lto-objects -Wl,-z,relro -Wl,-z,now -Wl,-O1 -Wl,-z,defs conftest.c  >&5
configure:7256: $? = 0
configure:7256: ./conftest
configure:7256: $? = 0
configure:7269: result: yes
configure:7297: checking for iconv declaration
configure:7327: gcc -c -g -O2 -fno-omit-frame-pointer -mno-omit-leaf-frame-pointer -ffile-prefix-map=/srv/xdg-user-dirs-0.18=. -flto=auto -ffat-lto-objects -fstack-protector-strong -fstack-clash-protection -Wformat -Werror=format-security -fcf-protection -fdebug-prefix-map=/srv/xdg-user-dirs-0.18=/usr/src/xdg-user-dirs-0.18-1build1 -Wdate-time -D_FORTIFY_SOURCE=3 conftest.c >&5
configure:7327: $? = 0
configure:7338: result:
         extern size_t iconv (iconv_t cd, char * *inbuf, size_t *inbytesleft, char * *outbuf, size_t *outbytesleft);
configure:7357: checking for a sed that does not truncate output
configure:7427: result: /usr/bin/sed
configure:7433: checking whether NLS is requested
configure:7443: result: yes
configure:7483: checking for msgfmt
configure: trying /usr/bin/msgfmt...
0 translated messages.
configure:7516: result: /usr/bin/msgfmt
configure:7525: checking for gmsgfmt
configure:7561: result: /usr/bin/msgfmt
configure:7606: checking for xgettext
configure: trying /usr/bin/xgettext...
/usr/bin/xgettext: warning: file '/dev/null' extension '' is unknown; will try C
configure:7639: result: /usr/bin/xgettext
configure:7684: checking for msgmerge
configure: trying /usr/bin/msgmerge...
configure:7716: result: /usr/bin/msgmerge
configure:7764: checking for CFPreferencesCopyAppValue
configure:7783: gcc -o conftest -g -O2 -fno-omit-frame-pointer -mno-omit-leaf-frame-pointer -ffile-prefix-map=/srv/xdg-user-dirs-0.18=. -flto=auto -ffat-lto-objects -fstack-protector-strong -fstack-clash-protection -Wformat -Werror=format-security -fcf-protection -fdebug-prefix-map=/srv/xdg-user-dirs-0.18=/usr/src/xdg-user-dirs-0.18-1build1 -Wdate-time -D_FORTIFY_SOURCE=3 -Wl,-Bsymbolic-functions -flto=auto -ffat-lto-objects -Wl,-z,relro -Wl,-z,now -Wl,-O1 -Wl,-z,defs conftest.c  -Wl,-framework -Wl,CoreFoundation >&5
conftest.c:14:10: fatal error: CoreFoundation/CFPreferences.h: No such file or directory
   14 | #include <CoreFoundation/CFPreferences.h>
      |          ^~~~~~~~~~~~~~~~~~~~~~~~~~~~~~~~
compilation terminated.
configure:7783: $? = 1
configure: failed program was:
| /* confdefs.h */
| #define PACKAGE_NAME ""
| #define PACKAGE_TARNAME ""
| #define PACKAGE_VERSION ""
| #define PACKAGE_STRING ""
| #define PACKAGE_BUGREPORT ""
| #define PACKAGE_URL ""
| #define PACKAGE "xdg-user-dirs"
| #define VERSION "0.18"
| #define HAVE_ICONV 1
| #define ICONV_CONST 
| #define GETTEXT_PACKAGE "xdg-user-dirs"
| /* end confdefs.h.  */
| #include <CoreFoundation/CFPreferences.h>
| int
| main (void)
| {
| CFPreferencesCopyAppValue(NULL, NULL)
|   ;
|   return 0;
| }
configure:7793: result: no
configure:7800: checking for CFLocaleCopyPreferredLanguages
configure:7819: gcc -o conftest -g -O2 -fno-omit-frame-pointer -mno-omit-leaf-frame-pointer -ffile-prefix-map=/srv/xdg-user-dirs-0.18=. -flto=auto -ffat-lto-objects -fstack-protector-strong -fstack-clash-protection -Wformat -Werror=format-security -fcf-protection -fdebug-prefix-map=/srv/xdg-user-dirs-0.18=/usr/src/xdg-user-dirs-0.18-1build1 -Wdate-time -D_FORTIFY_SOURCE=3 -Wl,-Bsymbolic-functions -flto=auto -ffat-lto-objects -Wl,-z,relro -Wl,-z,now -Wl,-O1 -Wl,-z,defs conftest.c  -Wl,-framework -Wl,CoreFoundation >&5
conftest.c:14:10: fatal error: CoreFoundation/CFLocale.h: No such file or directory
   14 | #include <CoreFoundation/CFLocale.h>
      |          ^~~~~~~~~~~~~~~~~~~~~~~~~~~
compilation terminated.
configure:7819: $? = 1
configure: failed program was:
| /* confdefs.h */
| #define PACKAGE_NAME ""
| #define PACKAGE_TARNAME ""
| #define PACKAGE_VERSION ""
| #define PACKAGE_STRING ""
| #define PACKAGE_BUGREPORT ""
| #define PACKAGE_URL ""
| #define PACKAGE "xdg-user-dirs"
| #define VERSION "0.18"
| #define HAVE_ICONV 1
| #define ICONV_CONST 
| #define GETTEXT_PACKAGE "xdg-user-dirs"
| /* end confdefs.h.  */
| #include <CoreFoundation/CFLocale.h>
| int
| main (void)
| {
| CFLocaleCopyPreferredLanguages();
|   ;
|   return 0;
| }
configure:7829: result: no
configure:7879: checking for GNU gettext in libc
configure:7909: gcc -o conftest -g -O2 -fno-omit-frame-pointer -mno-omit-leaf-frame-pointer -ffile-prefix-map=/srv/xdg-user-dirs-0.18=. -flto=auto -ffat-lto-objects -fstack-protector-strong -fstack-clash-protection -Wformat -Werror=format-security -fcf-protection -fdebug-prefix-map=/srv/xdg-user-dirs-0.18=/usr/src/xdg-user-dirs-0.18-1build1 -Wdate-time -D_FORTIFY_SOURCE=3 -Wl,-Bsymbolic-functions -flto=auto -ffat-lto-objects -Wl,-z,relro -Wl,-z,now -Wl,-O1 -Wl,-z,defs conftest.c  >&5
configure:7909: $? = 0
configure:7919: result: yes
configure:8810: checking whether to use NLS
configure:8812: result: yes
configure:8815: checking where the gettext function comes from
configure:8826: result: libc
configure:8900: checking for more warnings
configure:8946: result: no
configure:8961: checking for xsltproc
configure:8984: found /usr/bin/xsltproc
configure:8996: result: /usr/bin/xsltproc
configure:9119: checking that generated files are newer than configure
configure:9125: result: done
configure:9135: checking that generated files are newer than configure
configure:9141: result: done
configure:9168: creating ./config.status

## ---------------------- ##
## Running config.status. ##
## ---------------------- ##

This file was extended by config.status, which was
generated by GNU Autoconf 2.71.  Invocation command line was

  CONFIG_FILES    = 
  CONFIG_HEADERS  = 
  CONFIG_LINKS    = 
  CONFIG_COMMANDS = 
  $ ./config.status 

on 4d0578918483

config.status:890: creating po/Makefile.in
config.status:998: WARNING:  'po/Makefile.in.in' seems to ignore the --datarootdir setting
config.status:890: creating Makefile
config.status:890: creating man/Makefile
config.status:890: creating config.h
config.status:1119: executing depfiles commands
config.status:1119: executing po-directories commands

## ---------------- ##
## Cache variables. ##
## ---------------- ##

ac_cv_build=x86_64-pc-linux-gnu
ac_cv_c_compiler_gnu=yes
ac_cv_c_const=yes
ac_cv_env_CC_set=
ac_cv_env_CC_value=
ac_cv_env_CFLAGS_set=set
ac_cv_env_CFLAGS_value='-g -O2 -fno-omit-frame-pointer -mno-omit-leaf-frame-pointer -ffile-prefix-map=/srv/xdg-user-dirs-0.18=. -flto=auto -ffat-lto-objects -fstack-protector-strong -fstack-clash-protection -Wformat -Werror=format-security -fcf-protection -fdebug-prefix-map=/srv/xdg-user-dirs-0.18=/usr/src/xdg-user-dirs-0.18-1build1'
ac_cv_env_CPPFLAGS_set=set
ac_cv_env_CPPFLAGS_value='-Wdate-time -D_FORTIFY_SOURCE=3'
ac_cv_env_CPP_set=
ac_cv_env_CPP_value=
ac_cv_env_LDFLAGS_set=set
ac_cv_env_LDFLAGS_value='-Wl,-Bsymbolic-functions -flto=auto -ffat-lto-objects -Wl,-z,relro -Wl,-z,now -Wl,-O1 -Wl,-z,defs'
ac_cv_env_LIBS_set=
ac_cv_env_LIBS_value=
ac_cv_env_build_alias_set=set
ac_cv_env_build_alias_value=x86_64-linux-gnu
ac_cv_env_host_alias_set=
ac_cv_env_host_alias_value=
ac_cv_env_target_alias_set=
ac_cv_env_target_alias_value=
ac_cv_host=x86_64-pc-linux-gnu
ac_cv_objext=o
ac_cv_path_EGREP='/usr/bin/grep -E'
ac_cv_path_GMSGFMT=/usr/bin/msgfmt
ac_cv_path_GREP=/usr/bin/grep
ac_cv_path_MSGFMT=/usr/bin/msgfmt
ac_cv_path_MSGMERGE=/usr/bin/msgmerge
ac_cv_path_SED=/usr/bin/sed
ac_cv_path_XGETTEXT=/usr/bin/xgettext
ac_cv_path_XSLTPROC=/usr/bin/xsltproc
ac_cv_path_install='/usr/bin/install -c'
ac_cv_path_mkdir=/usr/bin/mkdir
ac_cv_prog_AWK=mawk
ac_cv_prog_CPP='gcc -E'
ac_cv_prog_ac_ct_CC=gcc
ac_cv_prog_cc_c11=
ac_cv_prog_cc_g=yes
ac_cv_prog_cc_stdc=
ac_cv_prog_make_make_set=yes
ac_cv_search_strerror='none required'
acl_cv_hardcode_direct=no
acl_cv_hardcode_libdir_flag_spec='${wl}-rpath ${wl}$libdir'
acl_cv_hardcode_libdir_separator=
acl_cv_hardcode_minus_L=no
acl_cv_libdirstems=lib,lib,lib64
acl_cv_libext=a
acl_cv_path_LD=/usr/bin/ld
acl_cv_prog_gnu_ld=yes
acl_cv_rpath=done
acl_cv_shlibext=so
acl_cv_wl=-Wl,
am_cv_CC_dependencies_compiler_type=none
am_cv_func_iconv=yes
am_cv_func_iconv_works=yes
am_cv_lib_iconv=no
am_cv_make_support_nested_variables=yes
am_cv_prog_cc_c_o=yes
am_cv_proto_iconv='extern size_t iconv (iconv_t cd, char * *inbuf, size_t *inbytesleft, char * *outbuf, size_t *outbytesleft);'
am_cv_proto_iconv_arg1=
gl_cv_elf=yes
gl_cv_host_cpu_c_abi_32bit=no
gt_cv_func_CFLocaleCopyPreferredLanguages=no
gt_cv_func_CFPreferencesCopyAppValue=no
gt_cv_func_gnugettext1_libc=yes

## ----------------- ##
## Output variables. ##
## ----------------- ##

ACLOCAL='${SHELL} '\''/srv/xdg-user-dirs-0.18/missing'\'' aclocal-1.16'
AMDEPBACKSLASH=''
AMDEP_FALSE=''
AMDEP_TRUE='#'
AMTAR='$${TAR-tar}'
AM_BACKSLASH='\'
AM_DEFAULT_V='$(AM_DEFAULT_VERBOSITY)'
AM_DEFAULT_VERBOSITY='1'
AM_V='$(V)'
AUTOCONF='${SHELL} '\''/srv/xdg-user-dirs-0.18/missing'\'' autoconf'
AUTOHEADER='${SHELL} '\''/srv/xdg-user-dirs-0.18/missing'\'' autoheader'
AUTOMAKE='${SHELL} '\''/srv/xdg-user-dirs-0.18/missing'\'' automake-1.16'
AWK='mawk'
BUILD_DOCUMENTATION_FALSE='#'
BUILD_DOCUMENTATION_TRUE=''
CC='gcc'
CCDEPMODE='depmode=none'
CFLAGS='-g -O2 -fno-omit-frame-pointer -mno-omit-leaf-frame-pointer -ffile-prefix-map=/srv/xdg-user-dirs-0.18=. -flto=auto -ffat-lto-objects -fstack-protector-strong -fstack-clash-protection -Wformat -Werror=format-security -fcf-protection -fdebug-prefix-map=/srv/xdg-user-dirs-0.18=/usr/src/xdg-user-dirs-0.18-1build1'
CPP='gcc -E'
CPPFLAGS='-Wdate-time -D_FORTIFY_SOURCE=3'
CSCOPE='cscope'
CTAGS='ctags'
CYGPATH_W='echo'
DEFS='-DHAVE_CONFIG_H'
DEPDIR='.deps'
ECHO_C=''
ECHO_N='-n'
ECHO_T=''
EGREP='/usr/bin/grep -E'
ETAGS='etags'
EXEEXT=''
GETTEXT_MACRO_VERSION='0.20'
GETTEXT_PACKAGE='xdg-user-dirs'
GMSGFMT='/usr/bin/msgfmt'
GMSGFMT_015='/usr/bin/msgfmt'
GREP='/usr/bin/grep'
INSTALL_DATA='${INSTALL} -m 644'
INSTALL_PROGRAM='${INSTALL}'
INSTALL_SCRIPT='${INSTALL}'
INSTALL_STRIP_PROGRAM='$(install_sh) -c -s'
INTLLIBS=''
INTL_MACOSX_LIBS=''
LDFLAGS='-Wl,-Bsymbolic-functions -flto=auto -ffat-lto-objects -Wl,-z,relro -Wl,-z,now -Wl,-O1 -Wl,-z,defs'
LIBICONV=''
LIBINTL=''
LIBOBJS=''
LIBS=''
LN_S='ln -s'
LTLIBICONV=''
LTLIBINTL=''
LTLIBOBJS=''
MAINT='#'
MAINTAINER_MODE_FALSE=''
MAINTAINER_MODE_TRUE='#'
MAKEINFO='${SHELL} '\''/srv/xdg-user-dirs-0.18/missing'\'' makeinfo'
MKDIR_P='/usr/bin/mkdir -p'
MSGFMT='/usr/bin/msgfmt'
MSGMERGE='/usr/bin/msgmerge'
MSGMERGE_FOR_MSGFMT_OPTION='--for-msgfmt'
OBJEXT='o'
PACKAGE='xdg-user-dirs'
PACKAGE_BUGREPORT=''
PACKAGE_NAME=''
PACKAGE_STRING=''
PACKAGE_TARNAME=''
PACKAGE_URL=''
PACKAGE_VERSION=''
PATH_SEPARATOR=':'
POSUB='po'
SED='/usr/bin/sed'
SET_MAKE=''
SHELL='/bin/bash'
STRIP=''
USE_NLS='yes'
VERSION='0.18'
XGETTEXT='/usr/bin/xgettext'
XGETTEXT_015='/usr/bin/xgettext'
XGETTEXT_EXTRA_OPTIONS=''
XSLTPROC='/usr/bin/xsltproc'
ac_ct_CC='gcc'
am__EXEEXT_FALSE=''
am__EXEEXT_TRUE='#'
am__fastdepCC_FALSE=''
am__fastdepCC_TRUE='#'
am__include='include'
am__isrc=''
am__leading_dot='.'
am__nodep=''
am__quote=''
am__tar='$${TAR-tar} chof - "$$tardir"'
am__untar='$${TAR-tar} xf -'
bindir='${exec_prefix}/bin'
build='x86_64-pc-linux-gnu'
build_alias='x86_64-linux-gnu'
build_cpu='x86_64'
build_os='linux-gnu'
build_vendor='pc'
datadir='${datarootdir}'
datarootdir='${prefix}/share'
docdir='${datarootdir}/doc/${PACKAGE}'
dvidir='${docdir}'
exec_prefix='${prefix}'
host='x86_64-pc-linux-gnu'
host_alias=''
host_cpu='x86_64'
host_os='linux-gnu'
host_vendor='pc'
htmldir='${docdir}'
includedir='${prefix}/include'
infodir='${prefix}/share/info'
install_sh='${SHELL} /srv/xdg-user-dirs-0.18/install-sh'
libdir='${prefix}/lib/x86_64-linux-gnu'
libexecdir='${exec_prefix}/libexec'
localedir='${datarootdir}/locale'
localstatedir='/var'
mandir='${prefix}/share/man'
mkdir_p='/usr/bin/mkdir -p'
oldincludedir='/usr/include'
pdfdir='${docdir}'
prefix='/usr'
program_transform_name='s,x,x,'
psdir='${docdir}'
runstatedir='/run'
sbindir='${exec_prefix}/sbin'
sharedstatedir='${prefix}/com'
sysconfdir='/etc'
target_alias=''

## ----------- ##
## confdefs.h. ##
## ----------- ##

/* confdefs.h */
#define PACKAGE_NAME ""
#define PACKAGE_TARNAME ""
#define PACKAGE_VERSION ""
#define PACKAGE_STRING ""
#define PACKAGE_BUGREPORT ""
#define PACKAGE_URL ""
#define PACKAGE "xdg-user-dirs"
#define VERSION "0.18"
#define HAVE_ICONV 1
#define ICONV_CONST 
#define GETTEXT_PACKAGE "xdg-user-dirs"
#define ENABLE_NLS 1
#define HAVE_GETTEXT 1
#define HAVE_DCGETTEXT 1

configure: exit 0
